<?xml version="1.0" encoding="UTF-8"?>
<!-- Generated by org.testng.reporters.JUnitXMLReporter -->
<testsuite hostname="HOME" ignored="0" name="Banking Test" tests="1" failures="1" timestamp="18 Nov 2019 02:47:45 GMT" time="13.143" errors="0">
  <testcase name="loginTest" time="2.701" classname="com.gurudemo.testCases.TC_LoginTest_001">
    <failure type="java.lang.AssertionError" message="expected [true] but found [false]">
      <![CDATA[java.lang.AssertionError: expected [true] but found [false]
at com.gurudemo.testCases.TC_LoginTest_001.loginTest(TC_LoginTest_001.java:29)
... Removed 29 stack frames]]>
    </failure>
  </testcase> <!-- loginTest -->
</testsuite> <!-- Banking Test -->
